
========================[ Apr 18, 2016 10:12 AM ]========================
Version 2.2.26 [Sep-21-2011]
Started database file "txid40120/txid40120_checked.fa"
Formatted 856 sequences in volume 0
SUCCESS: formatted database txid40120/txid40120_checked.fa

========================[ Apr 18, 2016 12:12 PM ]========================
Version 2.2.26 [Sep-21-2011]
Started database file "txid40120/txid40120_checked.fa"
Formatted 856 sequences in volume 0
SUCCESS: formatted database txid40120/txid40120_checked.fa

========================[ Apr 18, 2016 12:26 PM ]========================
Version 2.2.26 [Sep-21-2011]
Started database file "txid40120/txid40120_checked.fa"
Formatted 856 sequences in volume 0
SUCCESS: formatted database txid40120/txid40120_checked.fa

========================[ Apr 18, 2016 12:42 PM ]========================
Version 2.2.26 [Sep-21-2011]
Started database file "txid40120/txid40120_checked.fa"
Formatted 856 sequences in volume 0
SUCCESS: formatted database txid40120/txid40120_checked.fa

========================[ Apr 18, 2016 12:48 PM ]========================
Version 2.2.26 [Sep-21-2011]
Started database file "txid40120/txid40120_checked.fa"
Formatted 856 sequences in volume 0
SUCCESS: formatted database txid40120/txid40120_checked.fa

========================[ Apr 22, 2016 12:15 PM ]========================
Version 2.2.26 [Sep-21-2011]
Started database file "txid40120/txid40120_checked.fa"
FDBFinish: Empty protein database...
SUCCESS: formatted database txid40120/txid40120_checked.fa

========================[ Apr 22, 2016 12:19 PM ]========================
Version 2.2.26 [Sep-21-2011]
Started database file "txid40120/txid40120_checked.fa"
FDBFinish: Empty protein database...
SUCCESS: formatted database txid40120/txid40120_checked.fa

========================[ Apr 22, 2016  4:29 PM ]========================
Version 2.2.26 [Sep-21-2011]
Started database file "txid40120/txid40120_checked.fa"
Formatted 856 sequences in volume 0
SUCCESS: formatted database txid40120/txid40120_checked.fa

========================[ Apr 22, 2016  4:34 PM ]========================
Version 2.2.26 [Sep-21-2011]
Started database file "txid40120/txid40120_checked.fa"
Formatted 856 sequences in volume 0
SUCCESS: formatted database txid40120/txid40120_checked.fa

========================[ Apr 22, 2016  4:36 PM ]========================
Version 2.2.26 [Sep-21-2011]
Started database file "txid40120/txid40120_checked.fa"
Formatted 856 sequences in volume 0
SUCCESS: formatted database txid40120/txid40120_checked.fa

========================[ Apr 22, 2016  4:38 PM ]========================
Version 2.2.26 [Sep-21-2011]
Started database file "txid40120/txid40120_checked.fa"
Formatted 856 sequences in volume 0
SUCCESS: formatted database txid40120/txid40120_checked.fa

========================[ Apr 22, 2016  4:41 PM ]========================
Version 2.2.26 [Sep-21-2011]
Started database file "txid40120/txid40120_checked.fa"
Formatted 856 sequences in volume 0
SUCCESS: formatted database txid40120/txid40120_checked.fa

========================[ Apr 22, 2016  4:43 PM ]========================
Version 2.2.26 [Sep-21-2011]
Started database file "txid40120/txid40120_checked.fa"
Formatted 856 sequences in volume 0
SUCCESS: formatted database txid40120/txid40120_checked.fa

========================[ Apr 22, 2016  4:49 PM ]========================
Version 2.2.26 [Sep-21-2011]
Started database file "txid40120/txid40120_checked.fa"
Formatted 856 sequences in volume 0
SUCCESS: formatted database txid40120/txid40120_checked.fa

========================[ Apr 22, 2016  4:51 PM ]========================
Version 2.2.26 [Sep-21-2011]
Started database file "txid40120/txid40120_checked.fa"
Formatted 856 sequences in volume 0
SUCCESS: formatted database txid40120/txid40120_checked.fa

========================[ Apr 22, 2016  4:53 PM ]========================
Version 2.2.26 [Sep-21-2011]
Started database file "txid40120/txid40120_checked.fa"
Formatted 856 sequences in volume 0
SUCCESS: formatted database txid40120/txid40120_checked.fa

========================[ Apr 25, 2016  9:24 AM ]========================
Version 2.2.26 [Sep-21-2011]
Started database file "txid40120/txid40120_checked.fa"
Formatted 856 sequences in volume 0
SUCCESS: formatted database txid40120/txid40120_checked.fa

========================[ Apr 25, 2016 10:05 AM ]========================
Version 2.2.26 [Sep-21-2011]
Started database file "txid40120/txid40120_checked.fa"
Formatted 856 sequences in volume 0
SUCCESS: formatted database txid40120/txid40120_checked.fa

========================[ Apr 25, 2016 10:10 AM ]========================
Version 2.2.26 [Sep-21-2011]
Started database file "txid40120/txid40120_checked.fa"
Formatted 856 sequences in volume 0
SUCCESS: formatted database txid40120/txid40120_checked.fa

========================[ Apr 25, 2016 10:23 AM ]========================
Version 2.2.26 [Sep-21-2011]
Started database file "txid40120/txid40120_checked.fa"
Formatted 856 sequences in volume 0
SUCCESS: formatted database txid40120/txid40120_checked.fa

========================[ Apr 25, 2016 10:26 AM ]========================
Version 2.2.26 [Sep-21-2011]
Started database file "txid40120/txid40120_checked.fa"
Formatted 856 sequences in volume 0
SUCCESS: formatted database txid40120/txid40120_checked.fa

========================[ Apr 25, 2016 10:52 AM ]========================
Version 2.2.26 [Sep-21-2011]
Started database file "txid40120/txid40120_checked.fa"
Formatted 856 sequences in volume 0
SUCCESS: formatted database txid40120/txid40120_checked.fa

========================[ Apr 25, 2016 10:56 AM ]========================
Version 2.2.26 [Sep-21-2011]
Started database file "txid40120/txid40120_checked.fa"
Formatted 856 sequences in volume 0
SUCCESS: formatted database txid40120/txid40120_checked.fa

========================[ Apr 25, 2016 11:11 AM ]========================
Version 2.2.26 [Sep-21-2011]
Started database file "txid40120/txid40120_checked.fa"
Formatted 856 sequences in volume 0
SUCCESS: formatted database txid40120/txid40120_checked.fa

========================[ Apr 28, 2016 11:08 AM ]========================
Version 2.2.26 [Sep-21-2011]
Started database file "txid40120/txid40120_checked.fa"
Formatted 856 sequences in volume 0
SUCCESS: formatted database txid40120/txid40120_checked.fa

========================[ Apr 28, 2016 11:10 AM ]========================
Version 2.2.26 [Sep-21-2011]
Started database file "txid40120/txid40120_checked.fa"
Formatted 856 sequences in volume 0
SUCCESS: formatted database txid40120/txid40120_checked.fa

========================[ Apr 28, 2016 11:13 AM ]========================
Version 2.2.26 [Sep-21-2011]
Started database file "txid40120/txid40120_checked.fa"
Formatted 856 sequences in volume 0
SUCCESS: formatted database txid40120/txid40120_checked.fa

========================[ Apr 28, 2016 11:44 AM ]========================
Version 2.2.26 [Sep-21-2011]
Started database file "txid40120/txid40120_checked.fa"
Formatted 856 sequences in volume 0
SUCCESS: formatted database txid40120/txid40120_checked.fa

========================[ Apr 28, 2016 11:53 AM ]========================
Version 2.2.26 [Sep-21-2011]
Started database file "txid40120/txid40120_checked.fa"
Formatted 856 sequences in volume 0
SUCCESS: formatted database txid40120/txid40120_checked.fa

========================[ Apr 28, 2016  1:55 PM ]========================
Version 2.2.26 [Sep-21-2011]
Started database file "txid40120/txid40120_checked.fa"
Formatted 856 sequences in volume 0
SUCCESS: formatted database txid40120/txid40120_checked.fa

========================[ Apr 28, 2016  2:22 PM ]========================
Version 2.2.26 [Sep-21-2011]
Started database file "txid40120/txid40120_checked.fa"
Formatted 856 sequences in volume 0
SUCCESS: formatted database txid40120/txid40120_checked.fa

========================[ Apr 28, 2016  2:25 PM ]========================
Version 2.2.26 [Sep-21-2011]
Started database file "txid40120/txid40120_checked.fa"
Formatted 856 sequences in volume 0
SUCCESS: formatted database txid40120/txid40120_checked.fa

========================[ Apr 29, 2016  3:50 PM ]========================
Version 2.2.26 [Sep-21-2011]
Started database file "txid40119/txid40119_checked.fa"
Formatted 16002 sequences in volume 0
SUCCESS: formatted database txid40119/txid40119_checked.fa

========================[ Apr 29, 2016  4:47 PM ]========================
Version 2.2.26 [Sep-21-2011]
Started database file "txid40119/txid40119_checked.fa"
Formatted 16002 sequences in volume 0
SUCCESS: formatted database txid40119/txid40119_checked.fa

========================[ May 3, 2016 10:02 AM ]========================
Version 2.2.26 [Sep-21-2011]
Started database file "txid40119/txid40119_checked.fa"
Formatted 16002 sequences in volume 0
SUCCESS: formatted database txid40119/txid40119_checked.fa

========================[ May 11, 2016 12:21 PM ]========================
Version 2.2.26 [Sep-21-2011]
Started database file "txid40120/txid40120_checked.fa"
Formatted 856 sequences in volume 0
SUCCESS: formatted database txid40120/txid40120_checked.fa

========================[ May 11, 2016 12:41 PM ]========================
Version 2.2.26 [Sep-21-2011]
Started database file "txid40120/txid40120_checked.fa"
FDBFinish: Empty protein database...
SUCCESS: formatted database txid40120/txid40120_checked.fa

========================[ May 11, 2016  2:35 PM ]========================
Version 2.2.26 [Sep-21-2011]
Started database file "txid40120/txid40120_checked.fa"
Formatted 856 sequences in volume 0
SUCCESS: formatted database txid40120/txid40120_checked.fa

========================[ May 11, 2016  2:35 PM ]========================
Version 2.2.26 [Sep-21-2011]
Started database file "txid40120/txid40120_checked.fa"
Formatted 856 sequences in volume 0
SUCCESS: formatted database txid40120/txid40120_checked.fa

========================[ May 11, 2016  2:59 PM ]========================
Version 2.2.26 [Sep-21-2011]
Started database file "txid40119/txid40119_checked.fa"
Formatted 16233 sequences in volume 0
SUCCESS: formatted database txid40119/txid40119_checked.fa

========================[ May 11, 2016  4:03 PM ]========================
Version 2.2.26 [Sep-21-2011]
Started database file "txid40120/txid40120_checked.fa"
Formatted 856 sequences in volume 0
SUCCESS: formatted database txid40120/txid40120_checked.fa

========================[ May 12, 2016  9:34 AM ]========================
Version 2.2.26 [Sep-21-2011]
Started database file "txid40119/txid40119_checked.fa"
Formatted 16257 sequences in volume 0
SUCCESS: formatted database txid40119/txid40119_checked.fa

========================[ May 12, 2016  1:22 PM ]========================
Version 2.2.26 [Sep-21-2011]
Started database file "txid40120/txid40120_checked.fa"
Formatted 856 sequences in volume 0
SUCCESS: formatted database txid40120/txid40120_checked.fa

========================[ May 12, 2016  2:46 PM ]========================
Version 2.2.26 [Sep-21-2011]
Started database file "txid40120/txid40120_checked.fa"
Formatted 856 sequences in volume 0
SUCCESS: formatted database txid40120/txid40120_checked.fa

========================[ May 12, 2016  3:09 PM ]========================
Version 2.2.26 [Sep-21-2011]
Started database file "txid40120/txid40120_checked.fa"
Formatted 856 sequences in volume 0
SUCCESS: formatted database txid40120/txid40120_checked.fa

========================[ May 12, 2016  3:27 PM ]========================
Version 2.2.26 [Sep-21-2011]
Started database file "txid40120/txid40120_checked.fa"
Formatted 856 sequences in volume 0
SUCCESS: formatted database txid40120/txid40120_checked.fa

========================[ May 13, 2016  9:16 AM ]========================
Version 2.2.26 [Sep-21-2011]
Started database file "txid40119/txid40119_checked.fa"
Formatted 16277 sequences in volume 0
SUCCESS: formatted database txid40119/txid40119_checked.fa

========================[ May 17, 2016  1:29 PM ]========================
Version 2.2.26 [Sep-21-2011]
Started database file "txid10292/txid10292_checked.fa"
Formatted 131669 sequences in volume 0
SUCCESS: formatted database txid10292/txid10292_checked.fa

========================[ Jun 15, 2016 12:16 PM ]========================
Version 2.2.26 [Sep-21-2011]
Started database file "txid40120/txid40120_checked.fa"
Formatted 871 sequences in volume 0
SUCCESS: formatted database txid40120/txid40120_checked.fa

========================[ Jun 15, 2016  2:55 PM ]========================
Version 2.2.26 [Sep-21-2011]
Started database file "txid40119/txid40119_checked.fa"
Formatted 16305 sequences in volume 0
SUCCESS: formatted database txid40119/txid40119_checked.fa

========================[ Jun 16, 2016 12:50 PM ]========================
Version 2.2.26 [Sep-21-2011]
Started database file "txid10292/txid10292_checked.fa"
Formatted 133857 sequences in volume 0
SUCCESS: formatted database txid10292/txid10292_checked.fa
